0 info it worked if it ends with ok
1 verbose cli [ '/usr/local/node/bin/node',
1 verbose cli   '/usr/local/node/bin/npm',
1 verbose cli   'start' ]
2 info using npm@1.4.23
3 info using node@v0.10.31
4 verbose run-script [ 'prestart', 'start', 'poststart' ]
5 info prestart creativision@0.0.1
6 info start creativision@0.0.1
7 verbose unsafe-perm in lifecycle true
8 info creativision@0.0.1 Failed to exec start script
9 error creativision@0.0.1 start: `node ./bin/start`
9 error Exit status 8
10 error Failed at the creativision@0.0.1 start script.
10 error This is most likely a problem with the creativision package,
10 error not with npm itself.
10 error Tell the author that this fails on your system:
10 error     node ./bin/start
10 error You can get their info via:
10 error     npm owner ls creativision
10 error There is likely additional logging output above.
11 error System Linux 2.6.32-431.23.3.el6.x86_64
12 error command "/usr/local/node/bin/node" "/usr/local/node/bin/npm" "start"
13 error cwd /node/globalug
14 error node -v v0.10.31
15 error npm -v 1.4.23
16 error code ELIFECYCLE
17 verbose exit [ 1, true ]
